08-05-2019 08:53:54.628 [Thread-9] INFO  o.s.b.w.s.c.AnnotationConfigServletWebServerApplicationContext.doClose - Closing org.springframework.boot.web.servlet.context.AnnotationConfigServletWebServerApplicationContext@71ff79e0: startup date [Tue May 07 09:14:15 ART 2019]; root of context hierarchy
08-05-2019 08:53:54.737 [Thread-9] INFO  o.s.j.e.a.AnnotationMBeanExporter.destroy - Unregistering JMX-exposed beans on shutdown
08-05-2019 08:53:54.800 [Thread-9] INFO  o.s.j.e.a.AnnotationMBeanExporter.unregisterBeans - Unregistering JMX-exposed beans
08-05-2019 08:53:54.805 [Thread-9] INFO  o.s.o.j.LocalContainerEntityManagerFactoryBean.destroy - Closing JPA EntityManagerFactory for persistence unit 'default'
08-05-2019 08:53:54.835 [Thread-9] INFO  com.zaxxer.hikari.HikariDataSource.close - HikariPool-1 - Shutdown initiated...
08-05-2019 08:53:54.958 [Thread-9] INFO  com.zaxxer.hikari.HikariDataSource.close - HikariPool-1 - Shutdown completed.
08-05-2019 08:54:17.064 [restartedMain] INFO  capacita.Application.logStarting - Starting Application on danilo with PID 32354 (/home/dbiondi/dev/capacitacion/capacita/server/target/classes started by dbiondi in /home/dbiondi/dev/capacitacion/capacita/server)
08-05-2019 08:54:17.073 [restartedMain] INFO  capacita.Application.logStartupProfileInfo - No active profile set, falling back to default profiles: default
08-05-2019 08:54:17.425 [restartedMain] INFO  o.s.b.w.s.c.AnnotationConfigServletWebServerApplicationContext.prepareRefresh - Refreshing org.springframework.boot.web.servlet.context.AnnotationConfigServletWebServerApplicationContext@6fbdd120: startup date [Wed May 08 08:54:17 ART 2019]; root of context hierarchy
08-05-2019 08:54:24.661 [restartedMain] INFO  o.s.c.s.PostProcessorRegistrationDelegate$BeanPostProcessorChecker.postProcessAfterInitialization - Bean 'org.springframework.transaction.annotation.ProxyTransactionManagementConfiguration' of type [org.springframework.transaction.annotation.ProxyTransactionManagementConfiguration$$EnhancerBySpringCGLIB$$58c558ed] is not eligible for getting processed by all BeanPostProcessors (for example: not eligible for auto-proxying)
08-05-2019 08:54:25.476 [restartedMain] INFO  o.s.b.w.e.tomcat.TomcatWebServer.initialize - Tomcat initialized with port(s): 8080 (http)
08-05-2019 08:54:25.556 [restartedMain] INFO  o.a.catalina.core.StandardService.log - Starting service [Tomcat]
08-05-2019 08:54:25.557 [restartedMain] INFO  o.a.catalina.core.StandardEngine.log - Starting Servlet Engine: Apache Tomcat/8.5.31
08-05-2019 08:54:25.571 [localhost-startStop-1] INFO  o.a.c.core.AprLifecycleListener.log - The APR based Apache Tomcat Native library which allows optimal performance in production environments was not found on the java.library.path: [/usr/java/packages/lib/amd64:/usr/lib64:/lib64:/lib:/usr/lib]
08-05-2019 08:54:25.917 [localhost-startStop-1] INFO  o.a.c.c.C.[Tomcat].[localhost].[/].log - Initializing Spring embedded WebApplicationContext
08-05-2019 08:54:25.919 [localhost-startStop-1] INFO  o.s.web.context.ContextLoader.prepareWebApplicationContext - Root WebApplicationContext: initialization completed in 8494 ms
08-05-2019 08:54:26.191 [localhost-startStop-1] INFO  o.s.b.w.s.FilterRegistrationBean.configure - Mapping filter: 'characterEncodingFilter' to: [/*]
08-05-2019 08:54:26.192 [localhost-startStop-1] INFO  o.s.b.w.s.FilterRegistrationBean.configure - Mapping filter: 'hiddenHttpMethodFilter' to: [/*]
08-05-2019 08:54:26.193 [localhost-startStop-1] INFO  o.s.b.w.s.FilterRegistrationBean.configure - Mapping filter: 'httpPutFormContentFilter' to: [/*]
08-05-2019 08:54:26.194 [localhost-startStop-1] INFO  o.s.b.w.s.FilterRegistrationBean.configure - Mapping filter: 'requestContextFilter' to: [/*]
08-05-2019 08:54:26.195 [localhost-startStop-1] INFO  o.s.b.w.s.DelegatingFilterProxyRegistrationBean.configure - Mapping filter: 'springSecurityFilterChain' to: [/*]
08-05-2019 08:54:26.195 [localhost-startStop-1] INFO  o.s.b.w.s.FilterRegistrationBean.configure - Mapping filter: 'JWTAuthorizationFilter' to: [/*]
08-05-2019 08:54:26.196 [localhost-startStop-1] INFO  o.s.b.w.s.ServletRegistrationBean.addRegistration - Servlet dispatcherServlet mapped to [/]
08-05-2019 08:54:26.198 [localhost-startStop-1] INFO  o.s.b.w.s.ServletRegistrationBean.addRegistration - Servlet webServlet mapped to [/console/*]
08-05-2019 08:54:26.616 [restartedMain] INFO  com.zaxxer.hikari.HikariDataSource.getConnection - HikariPool-1 - Starting...
08-05-2019 08:54:26.949 [restartedMain] INFO  com.zaxxer.hikari.HikariDataSource.getConnection - HikariPool-1 - Start completed.
08-05-2019 08:54:27.053 [restartedMain] INFO  o.s.o.j.LocalContainerEntityManagerFactoryBean.createNativeEntityManagerFactory - Building JPA container EntityManagerFactory for persistence unit 'default'
08-05-2019 08:54:27.108 [restartedMain] INFO  o.h.jpa.internal.util.LogHelper.logPersistenceUnitInformation - HHH000204: Processing PersistenceUnitInfo [
	name: default
	...]
08-05-2019 08:54:27.316 [restartedMain] INFO  org.hibernate.Version.logVersion - HHH000412: Hibernate Core {5.2.17.Final}
08-05-2019 08:54:27.320 [restartedMain] INFO  org.hibernate.cfg.Environment.<clinit> - HHH000206: hibernate.properties not found
08-05-2019 08:54:27.444 [restartedMain] INFO  o.h.annotations.common.Version.<clinit> - HCANN000001: Hibernate Commons Annotations {5.0.1.Final}
08-05-2019 08:54:27.734 [restartedMain] INFO  org.hibernate.dialect.Dialect.<init> - HHH000400: Using dialect: org.hibernate.dialect.H2Dialect
08-05-2019 08:54:28.747 [restartedMain] INFO  o.h.t.s.internal.SchemaCreatorImpl.applyImportSources - HHH000476: Executing import script 'org.hibernate.tool.schema.internal.exec.ScriptSourceInputNonExistentImpl@1c7b1895'
08-05-2019 08:54:28.749 [restartedMain] INFO  o.s.o.j.LocalContainerEntityManagerFactoryBean.buildNativeEntityManagerFactory - Initialized JPA EntityManagerFactory for persistence unit 'default'
08-05-2019 08:54:28.903 [restartedMain] INFO  o.s.jdbc.datasource.init.ScriptUtils.executeSqlScript - Executing SQL script from URL [file:/home/dbiondi/dev/capacitacion/capacita/server/target/classes/data.sql]
08-05-2019 08:54:28.927 [restartedMain] INFO  o.s.jdbc.datasource.init.ScriptUtils.executeSqlScript - Executed SQL script from URL [file:/home/dbiondi/dev/capacitacion/capacita/server/target/classes/data.sql] in 24 ms.
08-05-2019 08:54:29.837 [restartedMain] INFO  o.s.b.a.s.s.UserDetailsServiceAutoConfiguration.getOrDeducePassword - 

Using generated security password: 107afca5-3376-4280-ae6d-78673be07ca5

08-05-2019 08:54:29.936 [restartedMain] INFO  o.s.s.web.DefaultSecurityFilterChain.<init> - Creating filter chain: Ant [pattern='/*'], []
08-05-2019 08:54:29.937 [restartedMain] INFO  o.s.s.web.DefaultSecurityFilterChain.<init> - Creating filter chain: Ant [pattern='/js/*'], []
08-05-2019 08:54:29.937 [restartedMain] INFO  o.s.s.web.DefaultSecurityFilterChain.<init> - Creating filter chain: Ant [pattern='/css/*'], []
08-05-2019 08:54:29.938 [restartedMain] INFO  o.s.s.web.DefaultSecurityFilterChain.<init> - Creating filter chain: Ant [pattern='/api/auth/*'], []
08-05-2019 08:54:29.938 [restartedMain] INFO  o.s.s.web.DefaultSecurityFilterChain.<init> - Creating filter chain: Ant [pattern='/favicon.ico'], []
08-05-2019 08:54:29.938 [restartedMain] INFO  o.s.s.web.DefaultSecurityFilterChain.<init> - Creating filter chain: Ant [pattern='/console/*'], []
08-05-2019 08:54:30.052 [restartedMain] INFO  o.s.w.s.h.SimpleUrlHandlerMapping.registerHandler - Mapped URL path [/**/favicon.ico] onto handler of type [class org.springframework.web.servlet.resource.ResourceHttpRequestHandler]
08-05-2019 08:54:30.085 [restartedMain] WARN  o.s.b.a.o.j.JpaBaseConfiguration$JpaWebConfiguration$JpaWebMvcConfiguration.openEntityManagerInViewInterceptor - spring.jpa.open-in-view is enabled by default. Therefore, database queries may be performed during view rendering. Explicitly configure spring.jpa.open-in-view to disable this warning
08-05-2019 08:54:30.167 [restartedMain] INFO  o.s.w.s.m.m.a.RequestMappingHandlerMapping.register - Mapped "{[/api/auth/login],methods=[POST]}" onto public org.springframework.http.ResponseEntity<capacita.controller.ResponseLogin> capacita.controller.AuthController.login(capacita.controller.RequestLogin)
08-05-2019 08:54:30.169 [restartedMain] INFO  o.s.w.s.m.m.a.RequestMappingHandlerMapping.register - Mapped "{[/api/auth/firstaccess],methods=[POST]}" onto public org.springframework.http.ResponseEntity<java.lang.Boolean> capacita.controller.AuthController.verifyPass(java.util.Map<java.lang.String, java.lang.Long>)
08-05-2019 08:54:30.170 [restartedMain] INFO  o.s.w.s.m.m.a.RequestMappingHandlerMapping.register - Mapped "{[/api/auth/updatepass],methods=[POST]}" onto public org.springframework.http.ResponseEntity<java.lang.String> capacita.controller.AuthController.updatePass(java.util.Map<java.lang.String, java.lang.String>)
08-05-2019 08:54:30.175 [restartedMain] INFO  o.s.w.s.m.m.a.RequestMappingHandlerMapping.register - Mapped "{[/api/cursos/{id}],methods=[GET]}" onto public java.util.Optional<capacita.model.Curso> capacita.controller.CursoController.getCursoPorId(java.lang.Integer)
08-05-2019 08:54:30.176 [restartedMain] INFO  o.s.w.s.m.m.a.RequestMappingHandlerMapping.register - Mapped "{[/api/cursos],methods=[POST]}" onto public org.springframework.http.ResponseEntity<java.lang.String> capacita.controller.CursoController.createCurso(capacita.model.Curso)
08-05-2019 08:54:30.177 [restartedMain] INFO  o.s.w.s.m.m.a.RequestMappingHandlerMapping.register - Mapped "{[/api/cursos/usuario/{legajo}],methods=[POST]}" onto public org.springframework.http.ResponseEntity<java.lang.String> capacita.controller.CursoController.createCursoPorLegajo(java.lang.Integer,capacita.model.Curso)
08-05-2019 08:54:30.178 [restartedMain] INFO  o.s.w.s.m.m.a.RequestMappingHandlerMapping.register - Mapped "{[/api/cursos/usuario/{legajo}],methods=[GET]}" onto public java.util.List<capacita.model.Curso> capacita.controller.CursoController.getCursosPorLegajo(java.lang.Integer)
08-05-2019 08:54:30.179 [restartedMain] INFO  o.s.w.s.m.m.a.RequestMappingHandlerMapping.register - Mapped "{[/error]}" onto public java.lang.String capacita.controller.MyErrorController.getErrorPath()
08-05-2019 08:54:30.182 [restartedMain] INFO  o.s.w.s.m.m.a.RequestMappingHandlerMapping.register - Mapped "{[/api/usuarios],methods=[GET]}" onto public java.util.List<capacita.model.Usuario> capacita.controller.UsuarioController.getUsuarios()
08-05-2019 08:54:30.183 [restartedMain] INFO  o.s.w.s.m.m.a.RequestMappingHandlerMapping.register - Mapped "{[/api/usuarios/{legajo}],methods=[GET]}" onto public capacita.model.Usuario capacita.controller.UsuarioController.getUsuariosPorLegajo(java.lang.Integer)
08-05-2019 08:54:30.184 [restartedMain] INFO  o.s.w.s.m.m.a.RequestMappingHandlerMapping.register - Mapped "{[/api/usuarios/{username}],methods=[GET]}" onto public capacita.model.Usuario capacita.controller.UsuarioController.getUsuarioPorMail(java.lang.String)
08-05-2019 08:54:30.185 [restartedMain] INFO  o.s.w.s.m.m.a.RequestMappingHandlerMapping.register - Mapped "{[/api/usuarios/{cuit}],methods=[GET]}" onto public capacita.model.Usuario capacita.controller.UsuarioController.getUsuarioPorCuit(java.lang.Long)
08-05-2019 08:54:30.230 [restartedMain] INFO  o.s.w.s.h.SimpleUrlHandlerMapping.registerHandler - Mapped URL path [/webjars/**] onto handler of type [class org.springframework.web.servlet.resource.ResourceHttpRequestHandler]
08-05-2019 08:54:30.231 [restartedMain] INFO  o.s.w.s.h.SimpleUrlHandlerMapping.registerHandler - Mapped URL path [/**] onto handler of type [class org.springframework.web.servlet.resource.ResourceHttpRequestHandler]
08-05-2019 08:54:30.242 [restartedMain] INFO  o.s.b.a.w.s.WelcomePageHandlerMapping.<init> - Adding welcome page: class path resource [static/index.html]
08-05-2019 08:54:30.277 [restartedMain] INFO  o.s.s.web.DefaultSecurityFilterChain.<init> - Creating filter chain: org.springframework.security.web.util.matcher.AnyRequestMatcher@1, [org.springframework.security.web.context.request.async.WebAsyncManagerIntegrationFilter@2cb0ec4c, org.springframework.security.web.context.SecurityContextPersistenceFilter@3a5c76dc, org.springframework.security.web.header.HeaderWriterFilter@5e48f104, org.springframework.web.filter.CorsFilter@8f8bcdb, org.springframework.security.web.authentication.logout.LogoutFilter@73126513, capacita.security.JWTAuthorizationFilter@6459db21, org.springframework.security.web.savedrequest.RequestCacheAwareFilter@74ff537, org.springframework.security.web.servletapi.SecurityContextHolderAwareRequestFilter@3d1b5da8, org.springframework.security.web.authentication.AnonymousAuthenticationFilter@2a523480, org.springframework.security.web.session.SessionManagementFilter@62d33a2c, org.springframework.security.web.access.ExceptionTranslationFilter@11fa5eb5, org.springframework.security.web.access.intercept.FilterSecurityInterceptor@18b47d05]
08-05-2019 08:54:30.633 [restartedMain] INFO  o.s.w.s.m.m.a.RequestMappingHandlerAdapter.initControllerAdviceCache - Looking for @ControllerAdvice: org.springframework.boot.web.servlet.context.AnnotationConfigServletWebServerApplicationContext@6fbdd120: startup date [Wed May 08 08:54:17 ART 2019]; root of context hierarchy
08-05-2019 08:54:31.315 [restartedMain] INFO  o.s.b.d.a.OptionalLiveReloadServer.startServer - LiveReload server is running on port 35729
08-05-2019 08:54:31.365 [restartedMain] INFO  o.s.j.e.a.AnnotationMBeanExporter.afterSingletonsInstantiated - Registering beans for JMX exposure on startup
08-05-2019 08:54:31.368 [restartedMain] INFO  o.s.j.e.a.AnnotationMBeanExporter.autodetect - Bean with name 'dataSource' has been autodetected for JMX exposure
08-05-2019 08:54:31.376 [restartedMain] INFO  o.s.j.e.a.AnnotationMBeanExporter.registerBeanInstance - Located MBean 'dataSource': registering with JMX server as MBean [com.zaxxer.hikari:name=dataSource,type=HikariDataSource]
08-05-2019 08:54:31.433 [restartedMain] INFO  o.s.b.w.e.tomcat.TomcatWebServer.start - Tomcat started on port(s): 8080 (http) with context path ''
08-05-2019 08:54:31.444 [restartedMain] INFO  capacita.Application.logStarted - Started Application in 19.034 seconds (JVM running for 26.211)
08-05-2019 08:54:31.447 [restartedMain] INFO  capacita.Application.run - Aplicacion iniciada en 127.0.1.1:8080
08-05-2019 12:14:55.096 [http-nio-8080-exec-1] INFO  o.a.c.c.C.[Tomcat].[localhost].[/].log - Initializing Spring FrameworkServlet 'dispatcherServlet'
08-05-2019 12:14:55.101 [http-nio-8080-exec-1] INFO  o.s.web.servlet.DispatcherServlet.initServletBean - FrameworkServlet 'dispatcherServlet': initialization started
08-05-2019 12:14:55.187 [http-nio-8080-exec-1] INFO  o.s.web.servlet.DispatcherServlet.initServletBean - FrameworkServlet 'dispatcherServlet': initialization completed in 85 ms
08-05-2019 15:31:20.539 [Thread-9] INFO  o.s.b.w.s.c.AnnotationConfigServletWebServerApplicationContext.doClose - Closing org.springframework.boot.web.servlet.context.AnnotationConfigServletWebServerApplicationContext@6fbdd120: startup date [Wed May 08 08:54:17 ART 2019]; root of context hierarchy
08-05-2019 15:31:20.562 [Thread-9] INFO  o.s.j.e.a.AnnotationMBeanExporter.destroy - Unregistering JMX-exposed beans on shutdown
08-05-2019 15:31:20.564 [Thread-9] INFO  o.s.j.e.a.AnnotationMBeanExporter.unregisterBeans - Unregistering JMX-exposed beans
08-05-2019 15:31:20.566 [Thread-9] INFO  o.s.o.j.LocalContainerEntityManagerFactoryBean.destroy - Closing JPA EntityManagerFactory for persistence unit 'default'
08-05-2019 15:31:20.605 [Thread-9] INFO  com.zaxxer.hikari.HikariDataSource.close - HikariPool-1 - Shutdown initiated...
08-05-2019 15:31:20.643 [Thread-9] INFO  com.zaxxer.hikari.HikariDataSource.close - HikariPool-1 - Shutdown completed.
