16-05-2019 00:02:58.763 [Thread-9] INFO  o.s.b.w.s.c.AnnotationConfigServletWebServerApplicationContext.doClose - Closing org.springframework.boot.web.servlet.context.AnnotationConfigServletWebServerApplicationContext@4068383e: startup date [Wed May 15 23:53:51 ART 2019]; root of context hierarchy
16-05-2019 00:02:58.770 [Thread-9] INFO  o.s.j.e.a.AnnotationMBeanExporter.destroy - Unregistering JMX-exposed beans on shutdown
16-05-2019 00:02:58.774 [Thread-9] INFO  o.s.j.e.a.AnnotationMBeanExporter.unregisterBeans - Unregistering JMX-exposed beans
16-05-2019 00:02:58.777 [Thread-9] INFO  o.s.o.j.LocalContainerEntityManagerFactoryBean.destroy - Closing JPA EntityManagerFactory for persistence unit 'default'
16-05-2019 00:02:58.781 [Thread-9] INFO  com.zaxxer.hikari.HikariDataSource.close - HikariPool-1 - Shutdown initiated...
16-05-2019 00:02:58.795 [Thread-9] INFO  com.zaxxer.hikari.HikariDataSource.close - HikariPool-1 - Shutdown completed.
16-05-2019 00:03:26.776 [restartedMain] INFO  capacita.Application.logStarting - Starting Application on pc with PID 11319 (/home/danilo/dev/capacita/server/target/classes started by danilo in /home/danilo/dev/capacita)
16-05-2019 00:03:26.792 [restartedMain] INFO  capacita.Application.logStartupProfileInfo - No active profile set, falling back to default profiles: default
16-05-2019 00:03:26.954 [restartedMain] INFO  o.s.b.w.s.c.AnnotationConfigServletWebServerApplicationContext.prepareRefresh - Refreshing org.springframework.boot.web.servlet.context.AnnotationConfigServletWebServerApplicationContext@70c6a27e: startup date [Thu May 16 00:03:26 ART 2019]; root of context hierarchy
16-05-2019 00:03:29.063 [restartedMain] INFO  o.s.c.s.PostProcessorRegistrationDelegate$BeanPostProcessorChecker.postProcessAfterInitialization - Bean 'org.springframework.transaction.annotation.ProxyTransactionManagementConfiguration' of type [org.springframework.transaction.annotation.ProxyTransactionManagementConfiguration$$EnhancerBySpringCGLIB$$69ef74fb] is not eligible for getting processed by all BeanPostProcessors (for example: not eligible for auto-proxying)
16-05-2019 00:03:29.545 [restartedMain] INFO  o.s.b.w.e.tomcat.TomcatWebServer.initialize - Tomcat initialized with port(s): 8080 (http)
16-05-2019 00:03:29.584 [restartedMain] INFO  o.a.catalina.core.StandardService.log - Starting service [Tomcat]
16-05-2019 00:03:29.585 [restartedMain] INFO  o.a.catalina.core.StandardEngine.log - Starting Servlet Engine: Apache Tomcat/8.5.31
16-05-2019 00:03:29.598 [localhost-startStop-1] INFO  o.a.c.core.AprLifecycleListener.log - The APR based Apache Tomcat Native library which allows optimal performance in production environments was not found on the java.library.path: [/usr/java/packages/lib/amd64:/usr/lib64:/lib64:/lib:/usr/lib]
16-05-2019 00:03:29.796 [localhost-startStop-1] INFO  o.a.c.c.C.[Tomcat].[localhost].[/].log - Initializing Spring embedded WebApplicationContext
16-05-2019 00:03:29.797 [localhost-startStop-1] INFO  o.s.web.context.ContextLoader.prepareWebApplicationContext - Root WebApplicationContext: initialization completed in 2843 ms
16-05-2019 00:03:30.000 [localhost-startStop-1] INFO  o.s.b.w.s.FilterRegistrationBean.configure - Mapping filter: 'characterEncodingFilter' to: [/*]
16-05-2019 00:03:30.001 [localhost-startStop-1] INFO  o.s.b.w.s.FilterRegistrationBean.configure - Mapping filter: 'hiddenHttpMethodFilter' to: [/*]
16-05-2019 00:03:30.002 [localhost-startStop-1] INFO  o.s.b.w.s.FilterRegistrationBean.configure - Mapping filter: 'httpPutFormContentFilter' to: [/*]
16-05-2019 00:03:30.002 [localhost-startStop-1] INFO  o.s.b.w.s.FilterRegistrationBean.configure - Mapping filter: 'requestContextFilter' to: [/*]
16-05-2019 00:03:30.003 [localhost-startStop-1] INFO  o.s.b.w.s.DelegatingFilterProxyRegistrationBean.configure - Mapping filter: 'springSecurityFilterChain' to: [/*]
16-05-2019 00:03:30.003 [localhost-startStop-1] INFO  o.s.b.w.s.FilterRegistrationBean.configure - Mapping filter: 'JWTAuthorizationFilter' to: [/*]
16-05-2019 00:03:30.003 [localhost-startStop-1] INFO  o.s.b.w.s.ServletRegistrationBean.addRegistration - Servlet dispatcherServlet mapped to [/]
16-05-2019 00:03:30.005 [localhost-startStop-1] INFO  o.s.b.w.s.ServletRegistrationBean.addRegistration - Servlet webServlet mapped to [/console/*]
16-05-2019 00:03:30.252 [restartedMain] INFO  com.zaxxer.hikari.HikariDataSource.getConnection - HikariPool-1 - Starting...
16-05-2019 00:03:30.481 [restartedMain] INFO  com.zaxxer.hikari.HikariDataSource.getConnection - HikariPool-1 - Start completed.
16-05-2019 00:03:30.542 [restartedMain] INFO  o.s.o.j.LocalContainerEntityManagerFactoryBean.createNativeEntityManagerFactory - Building JPA container EntityManagerFactory for persistence unit 'default'
16-05-2019 00:03:30.563 [restartedMain] INFO  o.h.jpa.internal.util.LogHelper.logPersistenceUnitInformation - HHH000204: Processing PersistenceUnitInfo [
	name: default
	...]
16-05-2019 00:03:30.647 [restartedMain] INFO  org.hibernate.Version.logVersion - HHH000412: Hibernate Core {5.2.17.Final}
16-05-2019 00:03:30.650 [restartedMain] INFO  org.hibernate.cfg.Environment.<clinit> - HHH000206: hibernate.properties not found
16-05-2019 00:03:30.701 [restartedMain] INFO  o.h.annotations.common.Version.<clinit> - HCANN000001: Hibernate Commons Annotations {5.0.1.Final}
16-05-2019 00:03:30.892 [restartedMain] INFO  org.hibernate.dialect.Dialect.<init> - HHH000400: Using dialect: org.hibernate.dialect.H2Dialect
16-05-2019 00:03:31.665 [restartedMain] INFO  o.h.t.s.internal.SchemaCreatorImpl.applyImportSources - HHH000476: Executing import script 'org.hibernate.tool.schema.internal.exec.ScriptSourceInputNonExistentImpl@3509e634'
16-05-2019 00:03:31.667 [restartedMain] INFO  o.s.o.j.LocalContainerEntityManagerFactoryBean.buildNativeEntityManagerFactory - Initialized JPA EntityManagerFactory for persistence unit 'default'
16-05-2019 00:03:31.759 [restartedMain] INFO  o.s.jdbc.datasource.init.ScriptUtils.executeSqlScript - Executing SQL script from URL [file:/home/danilo/dev/capacita/server/target/classes/data.sql]
16-05-2019 00:03:31.767 [restartedMain] INFO  o.s.jdbc.datasource.init.ScriptUtils.executeSqlScript - Executed SQL script from URL [file:/home/danilo/dev/capacita/server/target/classes/data.sql] in 8 ms.
16-05-2019 00:03:32.551 [restartedMain] INFO  o.s.b.a.s.s.UserDetailsServiceAutoConfiguration.getOrDeducePassword - 

Using generated security password: 93f072df-9077-456b-ad64-6284469c3e13

16-05-2019 00:03:32.616 [restartedMain] INFO  o.s.s.web.DefaultSecurityFilterChain.<init> - Creating filter chain: Ant [pattern='/*'], []
16-05-2019 00:03:32.616 [restartedMain] INFO  o.s.s.web.DefaultSecurityFilterChain.<init> - Creating filter chain: Ant [pattern='/js/*'], []
16-05-2019 00:03:32.617 [restartedMain] INFO  o.s.s.web.DefaultSecurityFilterChain.<init> - Creating filter chain: Ant [pattern='/css/*'], []
16-05-2019 00:03:32.617 [restartedMain] INFO  o.s.s.web.DefaultSecurityFilterChain.<init> - Creating filter chain: Ant [pattern='/api/auth/*'], []
16-05-2019 00:03:32.617 [restartedMain] INFO  o.s.s.web.DefaultSecurityFilterChain.<init> - Creating filter chain: Ant [pattern='/favicon.ico'], []
16-05-2019 00:03:32.618 [restartedMain] INFO  o.s.s.web.DefaultSecurityFilterChain.<init> - Creating filter chain: Ant [pattern='/console/*'], []
16-05-2019 00:03:32.739 [restartedMain] INFO  o.s.w.s.h.SimpleUrlHandlerMapping.registerHandler - Mapped URL path [/**/favicon.ico] onto handler of type [class org.springframework.web.servlet.resource.ResourceHttpRequestHandler]
16-05-2019 00:03:32.761 [restartedMain] WARN  o.s.b.a.o.j.JpaBaseConfiguration$JpaWebConfiguration$JpaWebMvcConfiguration.openEntityManagerInViewInterceptor - spring.jpa.open-in-view is enabled by default. Therefore, database queries may be performed during view rendering. Explicitly configure spring.jpa.open-in-view to disable this warning
16-05-2019 00:03:32.894 [restartedMain] INFO  o.s.w.s.m.m.a.RequestMappingHandlerMapping.register - Mapped "{[/api/auth/login],methods=[POST]}" onto public org.springframework.http.ResponseEntity<capacita.controller.ResponseLogin> capacita.controller.AuthController.login(capacita.controller.RequestLogin)
16-05-2019 00:03:32.896 [restartedMain] INFO  o.s.w.s.m.m.a.RequestMappingHandlerMapping.register - Mapped "{[/api/auth/firstaccess],methods=[POST]}" onto public org.springframework.http.ResponseEntity<java.lang.Boolean> capacita.controller.AuthController.verifyPass(java.util.Map<java.lang.String, java.lang.Long>)
16-05-2019 00:03:32.897 [restartedMain] INFO  o.s.w.s.m.m.a.RequestMappingHandlerMapping.register - Mapped "{[/api/auth/updatepass],methods=[POST]}" onto public org.springframework.http.ResponseEntity<java.lang.String> capacita.controller.AuthController.updatePass(java.util.Map<java.lang.String, java.lang.String>)
16-05-2019 00:03:32.903 [restartedMain] INFO  o.s.w.s.m.m.a.RequestMappingHandlerMapping.register - Mapped "{[/api/cursos/usuario/{legajo}],methods=[POST]}" onto public org.springframework.http.ResponseEntity<java.lang.String> capacita.controller.CursoController.createCursoPorLegajo(java.lang.Integer,capacita.model.Curso)
16-05-2019 00:03:32.904 [restartedMain] INFO  o.s.w.s.m.m.a.RequestMappingHandlerMapping.register - Mapped "{[/api/cursos/usuario/{legajo}],methods=[GET]}" onto public java.util.List<capacita.model.Curso> capacita.controller.CursoController.getCursosPorLegajo(java.lang.Integer)
16-05-2019 00:03:32.905 [restartedMain] INFO  o.s.w.s.m.m.a.RequestMappingHandlerMapping.register - Mapped "{[/api/cursos/{id}],methods=[GET]}" onto public java.util.Optional<capacita.model.Curso> capacita.controller.CursoController.getCursoPorId(java.lang.Integer)
16-05-2019 00:03:32.906 [restartedMain] INFO  o.s.w.s.m.m.a.RequestMappingHandlerMapping.register - Mapped "{[/api/cursos],methods=[POST]}" onto public org.springframework.http.ResponseEntity<java.lang.String> capacita.controller.CursoController.createCurso(capacita.model.Curso)
16-05-2019 00:03:32.908 [restartedMain] INFO  o.s.w.s.m.m.a.RequestMappingHandlerMapping.register - Mapped "{[/api/inscripcion],methods=[GET]}" onto public java.util.List<capacita.controller.ResponseReporteInscripciones> capacita.controller.InscripcionController.getAllInscripciones()
16-05-2019 00:03:32.909 [restartedMain] INFO  o.s.w.s.m.m.a.RequestMappingHandlerMapping.register - Mapped "{[/api/inscripcion],methods=[POST]}" onto public org.springframework.http.ResponseEntity<java.lang.String> capacita.controller.InscripcionController.createInscripcion(capacita.controller.RequestInscripcion)
16-05-2019 00:03:32.911 [restartedMain] INFO  o.s.w.s.m.m.a.RequestMappingHandlerMapping.register - Mapped "{[/api/inscripcion/{legajo}],methods=[GET]}" onto public org.springframework.http.ResponseEntity<java.util.List<capacita.repository.dto.CursosPorLegajoResponse>> capacita.controller.InscripcionController.getInscripcionesPorLegajo(java.lang.Integer)
16-05-2019 00:03:32.912 [restartedMain] INFO  o.s.w.s.m.m.a.RequestMappingHandlerMapping.register - Mapped "{[/error]}" onto public java.lang.String capacita.controller.MyErrorController.getErrorPath()
16-05-2019 00:03:32.915 [restartedMain] INFO  o.s.w.s.m.m.a.RequestMappingHandlerMapping.register - Mapped "{[/api/usuarios],methods=[GET]}" onto public java.util.List<capacita.model.Usuario> capacita.controller.UsuarioController.getUsuarios()
16-05-2019 00:03:32.915 [restartedMain] INFO  o.s.w.s.m.m.a.RequestMappingHandlerMapping.register - Mapped "{[/api/usuarios/{legajo}],methods=[GET]}" onto public capacita.model.Usuario capacita.controller.UsuarioController.getUsuariosPorLegajo(java.lang.Integer)
16-05-2019 00:03:32.916 [restartedMain] INFO  o.s.w.s.m.m.a.RequestMappingHandlerMapping.register - Mapped "{[/api/usuarios/{username}],methods=[GET]}" onto public capacita.model.Usuario capacita.controller.UsuarioController.getUsuarioPorMail(java.lang.String)
16-05-2019 00:03:32.917 [restartedMain] INFO  o.s.w.s.m.m.a.RequestMappingHandlerMapping.register - Mapped "{[/api/usuarios/{cuit}],methods=[GET]}" onto public capacita.model.Usuario capacita.controller.UsuarioController.getUsuarioPorCuit(java.lang.Long)
16-05-2019 00:03:32.984 [restartedMain] INFO  o.s.w.s.h.SimpleUrlHandlerMapping.registerHandler - Mapped URL path [/webjars/**] onto handler of type [class org.springframework.web.servlet.resource.ResourceHttpRequestHandler]
16-05-2019 00:03:32.985 [restartedMain] INFO  o.s.w.s.h.SimpleUrlHandlerMapping.registerHandler - Mapped URL path [/**] onto handler of type [class org.springframework.web.servlet.resource.ResourceHttpRequestHandler]
16-05-2019 00:03:33.000 [restartedMain] INFO  o.s.b.a.w.s.WelcomePageHandlerMapping.<init> - Adding welcome page: class path resource [static/index.html]
16-05-2019 00:03:33.049 [restartedMain] INFO  o.s.s.web.DefaultSecurityFilterChain.<init> - Creating filter chain: org.springframework.security.web.util.matcher.AnyRequestMatcher@1, [org.springframework.security.web.context.request.async.WebAsyncManagerIntegrationFilter@79a7bba6, org.springframework.security.web.context.SecurityContextPersistenceFilter@e952788, org.springframework.security.web.header.HeaderWriterFilter@6780bc70, org.springframework.web.filter.CorsFilter@29ef952b, org.springframework.security.web.authentication.logout.LogoutFilter@68fd946a, capacita.security.JWTAuthorizationFilter@6b0444e6, org.springframework.security.web.savedrequest.RequestCacheAwareFilter@2ee5291f, org.springframework.security.web.servletapi.SecurityContextHolderAwareRequestFilter@75420640, org.springframework.security.web.authentication.AnonymousAuthenticationFilter@26160a98, org.springframework.security.web.session.SessionManagementFilter@252b266e, org.springframework.security.web.access.ExceptionTranslationFilter@34bb58e7, org.springframework.security.web.access.intercept.FilterSecurityInterceptor@63ee1c9b]
16-05-2019 00:03:33.371 [restartedMain] INFO  o.s.w.s.m.m.a.RequestMappingHandlerAdapter.initControllerAdviceCache - Looking for @ControllerAdvice: org.springframework.boot.web.servlet.context.AnnotationConfigServletWebServerApplicationContext@70c6a27e: startup date [Thu May 16 00:03:26 ART 2019]; root of context hierarchy
16-05-2019 00:03:33.989 [restartedMain] INFO  o.s.b.d.a.OptionalLiveReloadServer.startServer - LiveReload server is running on port 35729
16-05-2019 00:03:34.053 [restartedMain] INFO  o.s.j.e.a.AnnotationMBeanExporter.afterSingletonsInstantiated - Registering beans for JMX exposure on startup
16-05-2019 00:03:34.056 [restartedMain] INFO  o.s.j.e.a.AnnotationMBeanExporter.autodetect - Bean with name 'dataSource' has been autodetected for JMX exposure
16-05-2019 00:03:34.064 [restartedMain] INFO  o.s.j.e.a.AnnotationMBeanExporter.registerBeanInstance - Located MBean 'dataSource': registering with JMX server as MBean [com.zaxxer.hikari:name=dataSource,type=HikariDataSource]
16-05-2019 00:03:34.114 [restartedMain] INFO  o.s.b.w.e.tomcat.TomcatWebServer.start - Tomcat started on port(s): 8080 (http) with context path ''
16-05-2019 00:03:34.121 [restartedMain] INFO  capacita.Application.logStarted - Started Application in 8.023 seconds (JVM running for 8.726)
16-05-2019 00:03:34.125 [restartedMain] INFO  capacita.Application.run - Aplicacion iniciada en 127.0.1.1:8080
16-05-2019 00:04:12.085 [Thread-9] INFO  o.s.b.w.s.c.AnnotationConfigServletWebServerApplicationContext.doClose - Closing org.springframework.boot.web.servlet.context.AnnotationConfigServletWebServerApplicationContext@70c6a27e: startup date [Thu May 16 00:03:26 ART 2019]; root of context hierarchy
16-05-2019 00:04:12.091 [Thread-9] INFO  o.s.j.e.a.AnnotationMBeanExporter.destroy - Unregistering JMX-exposed beans on shutdown
16-05-2019 00:04:12.092 [Thread-9] INFO  o.s.j.e.a.AnnotationMBeanExporter.unregisterBeans - Unregistering JMX-exposed beans
16-05-2019 00:04:12.099 [Thread-9] INFO  o.s.o.j.LocalContainerEntityManagerFactoryBean.destroy - Closing JPA EntityManagerFactory for persistence unit 'default'
16-05-2019 00:04:12.103 [Thread-9] INFO  com.zaxxer.hikari.HikariDataSource.close - HikariPool-1 - Shutdown initiated...
16-05-2019 00:04:12.120 [Thread-9] INFO  com.zaxxer.hikari.HikariDataSource.close - HikariPool-1 - Shutdown completed.
16-05-2019 01:04:17.386 [restartedMain] INFO  capacita.Application.logStarting - Starting Application on pc with PID 13135 (/home/danilo/dev/capacita/server/target/classes started by danilo in /home/danilo/dev/capacita)
16-05-2019 01:04:17.401 [restartedMain] INFO  capacita.Application.logStartupProfileInfo - No active profile set, falling back to default profiles: default
16-05-2019 01:04:17.548 [restartedMain] INFO  o.s.b.w.s.c.AnnotationConfigServletWebServerApplicationContext.prepareRefresh - Refreshing org.springframework.boot.web.servlet.context.AnnotationConfigServletWebServerApplicationContext@a476e17: startup date [Thu May 16 01:04:17 ART 2019]; root of context hierarchy
16-05-2019 01:04:19.583 [restartedMain] INFO  o.s.c.s.PostProcessorRegistrationDelegate$BeanPostProcessorChecker.postProcessAfterInitialization - Bean 'org.springframework.transaction.annotation.ProxyTransactionManagementConfiguration' of type [org.springframework.transaction.annotation.ProxyTransactionManagementConfiguration$$EnhancerBySpringCGLIB$$b2810b] is not eligible for getting processed by all BeanPostProcessors (for example: not eligible for auto-proxying)
16-05-2019 01:04:20.037 [restartedMain] INFO  o.s.b.w.e.tomcat.TomcatWebServer.initialize - Tomcat initialized with port(s): 8080 (http)
16-05-2019 01:04:20.071 [restartedMain] INFO  o.a.catalina.core.StandardService.log - Starting service [Tomcat]
16-05-2019 01:04:20.071 [restartedMain] INFO  o.a.catalina.core.StandardEngine.log - Starting Servlet Engine: Apache Tomcat/8.5.31
16-05-2019 01:04:20.081 [localhost-startStop-1] INFO  o.a.c.core.AprLifecycleListener.log - The APR based Apache Tomcat Native library which allows optimal performance in production environments was not found on the java.library.path: [/usr/java/packages/lib/amd64:/usr/lib64:/lib64:/lib:/usr/lib]
16-05-2019 01:04:20.276 [localhost-startStop-1] INFO  o.a.c.c.C.[Tomcat].[localhost].[/].log - Initializing Spring embedded WebApplicationContext
16-05-2019 01:04:20.276 [localhost-startStop-1] INFO  o.s.web.context.ContextLoader.prepareWebApplicationContext - Root WebApplicationContext: initialization completed in 2728 ms
16-05-2019 01:04:20.497 [localhost-startStop-1] INFO  o.s.b.w.s.FilterRegistrationBean.configure - Mapping filter: 'characterEncodingFilter' to: [/*]
16-05-2019 01:04:20.498 [localhost-startStop-1] INFO  o.s.b.w.s.FilterRegistrationBean.configure - Mapping filter: 'hiddenHttpMethodFilter' to: [/*]
16-05-2019 01:04:20.499 [localhost-startStop-1] INFO  o.s.b.w.s.FilterRegistrationBean.configure - Mapping filter: 'httpPutFormContentFilter' to: [/*]
16-05-2019 01:04:20.499 [localhost-startStop-1] INFO  o.s.b.w.s.FilterRegistrationBean.configure - Mapping filter: 'requestContextFilter' to: [/*]
16-05-2019 01:04:20.500 [localhost-startStop-1] INFO  o.s.b.w.s.DelegatingFilterProxyRegistrationBean.configure - Mapping filter: 'springSecurityFilterChain' to: [/*]
16-05-2019 01:04:20.501 [localhost-startStop-1] INFO  o.s.b.w.s.FilterRegistrationBean.configure - Mapping filter: 'JWTAuthorizationFilter' to: [/*]
16-05-2019 01:04:20.501 [localhost-startStop-1] INFO  o.s.b.w.s.ServletRegistrationBean.addRegistration - Servlet dispatcherServlet mapped to [/]
16-05-2019 01:04:20.503 [localhost-startStop-1] INFO  o.s.b.w.s.ServletRegistrationBean.addRegistration - Servlet webServlet mapped to [/console/*]
16-05-2019 01:04:20.774 [restartedMain] INFO  com.zaxxer.hikari.HikariDataSource.getConnection - HikariPool-1 - Starting...
16-05-2019 01:04:21.063 [restartedMain] INFO  com.zaxxer.hikari.HikariDataSource.getConnection - HikariPool-1 - Start completed.
16-05-2019 01:04:21.128 [restartedMain] INFO  o.s.o.j.LocalContainerEntityManagerFactoryBean.createNativeEntityManagerFactory - Building JPA container EntityManagerFactory for persistence unit 'default'
16-05-2019 01:04:21.155 [restartedMain] INFO  o.h.jpa.internal.util.LogHelper.logPersistenceUnitInformation - HHH000204: Processing PersistenceUnitInfo [
	name: default
	...]
16-05-2019 01:04:21.266 [restartedMain] INFO  org.hibernate.Version.logVersion - HHH000412: Hibernate Core {5.2.17.Final}
16-05-2019 01:04:21.269 [restartedMain] INFO  org.hibernate.cfg.Environment.<clinit> - HHH000206: hibernate.properties not found
16-05-2019 01:04:21.330 [restartedMain] INFO  o.h.annotations.common.Version.<clinit> - HCANN000001: Hibernate Commons Annotations {5.0.1.Final}
16-05-2019 01:04:21.524 [restartedMain] INFO  org.hibernate.dialect.Dialect.<init> - HHH000400: Using dialect: org.hibernate.dialect.H2Dialect
16-05-2019 01:04:22.294 [restartedMain] INFO  o.h.t.s.internal.SchemaCreatorImpl.applyImportSources - HHH000476: Executing import script 'org.hibernate.tool.schema.internal.exec.ScriptSourceInputNonExistentImpl@5328a093'
16-05-2019 01:04:22.296 [restartedMain] INFO  o.s.o.j.LocalContainerEntityManagerFactoryBean.buildNativeEntityManagerFactory - Initialized JPA EntityManagerFactory for persistence unit 'default'
16-05-2019 01:04:22.386 [restartedMain] INFO  o.s.jdbc.datasource.init.ScriptUtils.executeSqlScript - Executing SQL script from URL [file:/home/danilo/dev/capacita/server/target/classes/data.sql]
16-05-2019 01:04:22.393 [restartedMain] INFO  o.s.jdbc.datasource.init.ScriptUtils.executeSqlScript - Executed SQL script from URL [file:/home/danilo/dev/capacita/server/target/classes/data.sql] in 7 ms.
16-05-2019 01:04:23.111 [restartedMain] INFO  o.s.b.a.s.s.UserDetailsServiceAutoConfiguration.getOrDeducePassword - 

Using generated security password: 449f4375-ce49-4569-8541-8b43f7253c45

16-05-2019 01:04:23.197 [restartedMain] INFO  o.s.s.web.DefaultSecurityFilterChain.<init> - Creating filter chain: Ant [pattern='/*'], []
16-05-2019 01:04:23.197 [restartedMain] INFO  o.s.s.web.DefaultSecurityFilterChain.<init> - Creating filter chain: Ant [pattern='/js/*'], []
16-05-2019 01:04:23.197 [restartedMain] INFO  o.s.s.web.DefaultSecurityFilterChain.<init> - Creating filter chain: Ant [pattern='/css/*'], []
16-05-2019 01:04:23.198 [restartedMain] INFO  o.s.s.web.DefaultSecurityFilterChain.<init> - Creating filter chain: Ant [pattern='/api/auth/*'], []
16-05-2019 01:04:23.198 [restartedMain] INFO  o.s.s.web.DefaultSecurityFilterChain.<init> - Creating filter chain: Ant [pattern='/favicon.ico'], []
16-05-2019 01:04:23.198 [restartedMain] INFO  o.s.s.web.DefaultSecurityFilterChain.<init> - Creating filter chain: Ant [pattern='/console/*'], []
16-05-2019 01:04:23.310 [restartedMain] INFO  o.s.w.s.h.SimpleUrlHandlerMapping.registerHandler - Mapped URL path [/**/favicon.ico] onto handler of type [class org.springframework.web.servlet.resource.ResourceHttpRequestHandler]
16-05-2019 01:04:23.334 [restartedMain] WARN  o.s.b.a.o.j.JpaBaseConfiguration$JpaWebConfiguration$JpaWebMvcConfiguration.openEntityManagerInViewInterceptor - spring.jpa.open-in-view is enabled by default. Therefore, database queries may be performed during view rendering. Explicitly configure spring.jpa.open-in-view to disable this warning
16-05-2019 01:04:23.428 [restartedMain] INFO  o.s.w.s.m.m.a.RequestMappingHandlerMapping.register - Mapped "{[/api/auth/login],methods=[POST]}" onto public org.springframework.http.ResponseEntity<capacita.controller.ResponseLogin> capacita.controller.AuthController.login(capacita.controller.RequestLogin)
16-05-2019 01:04:23.431 [restartedMain] INFO  o.s.w.s.m.m.a.RequestMappingHandlerMapping.register - Mapped "{[/api/auth/firstaccess],methods=[POST]}" onto public org.springframework.http.ResponseEntity<java.lang.Boolean> capacita.controller.AuthController.verifyPass(java.util.Map<java.lang.String, java.lang.Long>)
16-05-2019 01:04:23.432 [restartedMain] INFO  o.s.w.s.m.m.a.RequestMappingHandlerMapping.register - Mapped "{[/api/auth/updatepass],methods=[POST]}" onto public org.springframework.http.ResponseEntity<java.lang.String> capacita.controller.AuthController.updatePass(java.util.Map<java.lang.String, java.lang.String>)
16-05-2019 01:04:23.437 [restartedMain] INFO  o.s.w.s.m.m.a.RequestMappingHandlerMapping.register - Mapped "{[/api/cursos/{id}],methods=[GET]}" onto public java.util.Optional<capacita.model.Curso> capacita.controller.CursoController.getCursoPorId(java.lang.Integer)
16-05-2019 01:04:23.438 [restartedMain] INFO  o.s.w.s.m.m.a.RequestMappingHandlerMapping.register - Mapped "{[/api/cursos/usuario/{legajo}],methods=[POST]}" onto public org.springframework.http.ResponseEntity<java.lang.String> capacita.controller.CursoController.createCursoPorLegajo(java.lang.Integer,capacita.model.Curso)
16-05-2019 01:04:23.439 [restartedMain] INFO  o.s.w.s.m.m.a.RequestMappingHandlerMapping.register - Mapped "{[/api/cursos/usuario/{legajo}],methods=[GET]}" onto public java.util.List<capacita.model.Curso> capacita.controller.CursoController.getCursosPorLegajo(java.lang.Integer)
16-05-2019 01:04:23.440 [restartedMain] INFO  o.s.w.s.m.m.a.RequestMappingHandlerMapping.register - Mapped "{[/api/cursos],methods=[POST]}" onto public org.springframework.http.ResponseEntity<java.lang.String> capacita.controller.CursoController.createCurso(capacita.model.Curso)
16-05-2019 01:04:23.444 [restartedMain] INFO  o.s.w.s.m.m.a.RequestMappingHandlerMapping.register - Mapped "{[/api/inscripcion/cursosporlegajo],methods=[GET]}" onto public java.util.List<capacita.controller.ResponseReporteInscripcionesPorLegajo> capacita.controller.InscripcionController.getAllInscripciones()
16-05-2019 01:04:23.445 [restartedMain] INFO  o.s.w.s.m.m.a.RequestMappingHandlerMapping.register - Mapped "{[/api/inscripcion/inscriptosporcurso],methods=[GET]}" onto public java.util.List<capacita.controller.ResponseReporteInscripcionesPorCurso> capacita.controller.InscripcionController.getAllInscripcionesPorCurso()
16-05-2019 01:04:23.446 [restartedMain] INFO  o.s.w.s.m.m.a.RequestMappingHandlerMapping.register - Mapped "{[/api/inscripcion],methods=[POST]}" onto public org.springframework.http.ResponseEntity<java.lang.String> capacita.controller.InscripcionController.createInscripcion(capacita.controller.RequestInscripcion)
16-05-2019 01:04:23.447 [restartedMain] INFO  o.s.w.s.m.m.a.RequestMappingHandlerMapping.register - Mapped "{[/api/inscripcion/{legajo}],methods=[GET]}" onto public org.springframework.http.ResponseEntity<java.util.List<capacita.repository.dto.CursosPorLegajoResponse>> capacita.controller.InscripcionController.getInscripcionesPorLegajo(java.lang.Integer)
16-05-2019 01:04:23.449 [restartedMain] INFO  o.s.w.s.m.m.a.RequestMappingHandlerMapping.register - Mapped "{[/error]}" onto public java.lang.String capacita.controller.MyErrorController.getErrorPath()
16-05-2019 01:04:23.452 [restartedMain] INFO  o.s.w.s.m.m.a.RequestMappingHandlerMapping.register - Mapped "{[/api/usuarios],methods=[GET]}" onto public java.util.List<capacita.model.Usuario> capacita.controller.UsuarioController.getUsuarios()
16-05-2019 01:04:23.453 [restartedMain] INFO  o.s.w.s.m.m.a.RequestMappingHandlerMapping.register - Mapped "{[/api/usuarios/{legajo}],methods=[GET]}" onto public capacita.model.Usuario capacita.controller.UsuarioController.getUsuariosPorLegajo(java.lang.Integer)
16-05-2019 01:04:23.454 [restartedMain] INFO  o.s.w.s.m.m.a.RequestMappingHandlerMapping.register - Mapped "{[/api/usuarios/{username}],methods=[GET]}" onto public capacita.model.Usuario capacita.controller.UsuarioController.getUsuarioPorMail(java.lang.String)
16-05-2019 01:04:23.456 [restartedMain] INFO  o.s.w.s.m.m.a.RequestMappingHandlerMapping.register - Mapped "{[/api/usuarios/{cuit}],methods=[GET]}" onto public capacita.model.Usuario capacita.controller.UsuarioController.getUsuarioPorCuit(java.lang.Long)
16-05-2019 01:04:23.507 [restartedMain] INFO  o.s.w.s.h.SimpleUrlHandlerMapping.registerHandler - Mapped URL path [/webjars/**] onto handler of type [class org.springframework.web.servlet.resource.ResourceHttpRequestHandler]
16-05-2019 01:04:23.508 [restartedMain] INFO  o.s.w.s.h.SimpleUrlHandlerMapping.registerHandler - Mapped URL path [/**] onto handler of type [class org.springframework.web.servlet.resource.ResourceHttpRequestHandler]
16-05-2019 01:04:23.521 [restartedMain] INFO  o.s.b.a.w.s.WelcomePageHandlerMapping.<init> - Adding welcome page: class path resource [static/index.html]
16-05-2019 01:04:23.582 [restartedMain] INFO  o.s.s.web.DefaultSecurityFilterChain.<init> - Creating filter chain: org.springframework.security.web.util.matcher.AnyRequestMatcher@1, [org.springframework.security.web.context.request.async.WebAsyncManagerIntegrationFilter@740275a4, org.springframework.security.web.context.SecurityContextPersistenceFilter@70817bbf, org.springframework.security.web.header.HeaderWriterFilter@5dc1c03e, org.springframework.web.filter.CorsFilter@61e1aef, org.springframework.security.web.authentication.logout.LogoutFilter@4639abbe, capacita.security.JWTAuthorizationFilter@7d78673f, org.springframework.security.web.savedrequest.RequestCacheAwareFilter@571645cb, org.springframework.security.web.servletapi.SecurityContextHolderAwareRequestFilter@1f4e8ded, org.springframework.security.web.authentication.AnonymousAuthenticationFilter@27fe552c, org.springframework.security.web.session.SessionManagementFilter@60206f3d, org.springframework.security.web.access.ExceptionTranslationFilter@49a45995, org.springframework.security.web.access.intercept.FilterSecurityInterceptor@39fa31d]
16-05-2019 01:04:23.924 [restartedMain] INFO  o.s.w.s.m.m.a.RequestMappingHandlerAdapter.initControllerAdviceCache - Looking for @ControllerAdvice: org.springframework.boot.web.servlet.context.AnnotationConfigServletWebServerApplicationContext@a476e17: startup date [Thu May 16 01:04:17 ART 2019]; root of context hierarchy
16-05-2019 01:04:24.524 [restartedMain] INFO  o.s.b.d.a.OptionalLiveReloadServer.startServer - LiveReload server is running on port 35729
16-05-2019 01:04:24.598 [restartedMain] INFO  o.s.j.e.a.AnnotationMBeanExporter.afterSingletonsInstantiated - Registering beans for JMX exposure on startup
16-05-2019 01:04:24.601 [restartedMain] INFO  o.s.j.e.a.AnnotationMBeanExporter.autodetect - Bean with name 'dataSource' has been autodetected for JMX exposure
16-05-2019 01:04:24.610 [restartedMain] INFO  o.s.j.e.a.AnnotationMBeanExporter.registerBeanInstance - Located MBean 'dataSource': registering with JMX server as MBean [com.zaxxer.hikari:name=dataSource,type=HikariDataSource]
16-05-2019 01:04:24.649 [restartedMain] INFO  o.s.b.w.e.tomcat.TomcatWebServer.start - Tomcat started on port(s): 8080 (http) with context path ''
16-05-2019 01:04:24.654 [restartedMain] INFO  capacita.Application.logStarted - Started Application in 7.913 seconds (JVM running for 8.631)
16-05-2019 01:04:24.657 [restartedMain] INFO  capacita.Application.run - Aplicacion iniciada en 127.0.1.1:8080
16-05-2019 01:05:11.539 [http-nio-8080-exec-1] INFO  o.a.c.c.C.[Tomcat].[localhost].[/].log - Initializing Spring FrameworkServlet 'dispatcherServlet'
16-05-2019 01:05:11.540 [http-nio-8080-exec-1] INFO  o.s.web.servlet.DispatcherServlet.initServletBean - FrameworkServlet 'dispatcherServlet': initialization started
16-05-2019 01:05:11.566 [http-nio-8080-exec-1] INFO  o.s.web.servlet.DispatcherServlet.initServletBean - FrameworkServlet 'dispatcherServlet': initialization completed in 26 ms
16-05-2019 01:05:20.967 [http-nio-8080-exec-2] INFO  o.h.h.i.QueryTranslatorFactoryInitiator.initiateService - HHH000397: Using ASTQueryTranslatorFactory
16-05-2019 01:23:22.706 [Thread-9] INFO  o.s.b.w.s.c.AnnotationConfigServletWebServerApplicationContext.doClose - Closing org.springframework.boot.web.servlet.context.AnnotationConfigServletWebServerApplicationContext@a476e17: startup date [Thu May 16 01:04:17 ART 2019]; root of context hierarchy
16-05-2019 01:23:22.711 [Thread-9] INFO  o.s.j.e.a.AnnotationMBeanExporter.destroy - Unregistering JMX-exposed beans on shutdown
16-05-2019 01:23:22.715 [Thread-9] INFO  o.s.j.e.a.AnnotationMBeanExporter.unregisterBeans - Unregistering JMX-exposed beans
16-05-2019 01:23:22.718 [Thread-9] INFO  o.s.o.j.LocalContainerEntityManagerFactoryBean.destroy - Closing JPA EntityManagerFactory for persistence unit 'default'
16-05-2019 01:23:22.720 [Thread-9] INFO  com.zaxxer.hikari.HikariDataSource.close - HikariPool-1 - Shutdown initiated...
16-05-2019 01:23:22.739 [Thread-9] INFO  com.zaxxer.hikari.HikariDataSource.close - HikariPool-1 - Shutdown completed.
